<?xml version="1.0" encoding="UTF-8"?>
<testsuite xmlns:xsi="http://www.w3.org/2001/XMLSchema-instance" xsi:noNamespaceSchemaLocation="https://maven.apache.org/surefire/maven-failsafe-plugin/xsd/failsafe-test-report-3.0.xsd" version="3.0" name="TestSuite" time="39.236" tests="3" errors="0" skipped="0" failures="0">
  <properties>
    <property name="BureauWorks_Url" value="https://demo.bwx.io/auth/login"/>
    <property name="Application_Url" value="https://author-p34057-e124276.adobeaemcloud.com/"/>
    <property name="sun.desktop" value="windows"/>
    <property name="awt.toolkit" value="sun.awt.windows.WToolkit"/>
    <property name="Legal1_Username" value="oru-vw-eu-legal1"/>
    <property name="java.specification.version" value="11"/>
    <property name="sun.cpu.isalist" value="amd64"/>
    <property name="sun.jnu.encoding" value="Cp1252"/>
    <property name="java.class.path" value="C:\Users\GEZ4V7X\Desktop\R4C\testing-r4c\ui.tests\test-module\target\classes;C:\Users\GEZ4V7X\Desktop\R4C\testing-r4c\ui.tests\test-module\target\test-module-1.0-SNAPSHOT.jar;C:\Users\GEZ4V7X\.m2\repository\org\seleniumhq\selenium\selenium-java\3.141.59\selenium-java-3.141.59.jar;C:\Users\GEZ4V7X\.m2\repository\org\seleniumhq\selenium\selenium-api\3.141.59\selenium-api-3.141.59.jar;C:\Users\GEZ4V7X\.m2\repository\org\seleniumhq\selenium\selenium-chrome-driver\3.141.59\selenium-chrome-driver-3.141.59.jar;C:\Users\GEZ4V7X\.m2\repository\org\seleniumhq\selenium\selenium-edge-driver\3.141.59\selenium-edge-driver-3.141.59.jar;C:\Users\GEZ4V7X\.m2\repository\org\seleniumhq\selenium\selenium-firefox-driver\3.141.59\selenium-firefox-driver-3.141.59.jar;C:\Users\GEZ4V7X\.m2\repository\org\seleniumhq\selenium\selenium-ie-driver\3.141.59\selenium-ie-driver-3.141.59.jar;C:\Users\GEZ4V7X\.m2\repository\org\seleniumhq\selenium\selenium-opera-driver\3.141.59\selenium-opera-driver-3.141.59.jar;C:\Users\GEZ4V7X\.m2\repository\org\seleniumhq\selenium\selenium-remote-driver\3.141.59\selenium-remote-driver-3.141.59.jar;C:\Users\GEZ4V7X\.m2\repository\org\seleniumhq\selenium\selenium-safari-driver\3.141.59\selenium-safari-driver-3.141.59.jar;C:\Users\GEZ4V7X\.m2\repository\org\seleniumhq\selenium\selenium-support\3.141.59\selenium-support-3.141.59.jar;C:\Users\GEZ4V7X\.m2\repository\net\bytebuddy\byte-buddy\1.8.15\byte-buddy-1.8.15.jar;C:\Users\GEZ4V7X\.m2\repository\org\apache\commons\commons-exec\1.3\commons-exec-1.3.jar;C:\Users\GEZ4V7X\.m2\repository\com\google\guava\guava\25.0-jre\guava-25.0-jre.jar;C:\Users\GEZ4V7X\.m2\repository\org\checkerframework\checker-compat-qual\2.0.0\checker-compat-qual-2.0.0.jar;C:\Users\GEZ4V7X\.m2\repository\com\google\errorprone\error_prone_annotations\2.1.3\error_prone_annotations-2.1.3.jar;C:\Users\GEZ4V7X\.m2\repository\com\google\j2objc\j2objc-annotations\1.1\j2objc-annotations-1.1.jar;C:\Users\GEZ4V7X\.m2\repository\org\codehaus\mojo\animal-sniffer-annotations\1.14\animal-sniffer-annotations-1.14.jar;C:\Users\GEZ4V7X\.m2\repository\com\squareup\okhttp3\okhttp\3.11.0\okhttp-3.11.0.jar;C:\Users\GEZ4V7X\.m2\repository\com\squareup\okio\okio\1.14.0\okio-1.14.0.jar;C:\Users\GEZ4V7X\.m2\repository\io\github\bonigarcia\webdrivermanager\5.5.3\webdrivermanager-5.5.3.jar;C:\Users\GEZ4V7X\.m2\repository\org\slf4j\slf4j-api\2.0.7\slf4j-api-2.0.7.jar;C:\Users\GEZ4V7X\.m2\repository\com\google\code\gson\gson\2.10.1\gson-2.10.1.jar;C:\Users\GEZ4V7X\.m2\repository\com\github\docker-java\docker-java\3.3.3\docker-java-3.3.3.jar;C:\Users\GEZ4V7X\.m2\repository\com\github\docker-java\docker-java-core\3.3.3\docker-java-core-3.3.3.jar;C:\Users\GEZ4V7X\.m2\repository\com\github\docker-java\docker-java-api\3.3.3\docker-java-api-3.3.3.jar;C:\Users\GEZ4V7X\.m2\repository\org\apache\commons\commons-compress\1.21\commons-compress-1.21.jar;C:\Users\GEZ4V7X\.m2\repository\org\bouncycastle\bcpkix-jdk18on\1.75\bcpkix-jdk18on-1.75.jar;C:\Users\GEZ4V7X\.m2\repository\org\bouncycastle\bcprov-jdk18on\1.75\bcprov-jdk18on-1.75.jar;C:\Users\GEZ4V7X\.m2\repository\org\bouncycastle\bcutil-jdk18on\1.75\bcutil-jdk18on-1.75.jar;C:\Users\GEZ4V7X\.m2\repository\org\slf4j\jcl-over-slf4j\1.7.30\jcl-over-slf4j-1.7.30.jar;C:\Users\GEZ4V7X\.m2\repository\com\github\docker-java\docker-java-transport-httpclient5\3.3.3\docker-java-transport-httpclient5-3.3.3.jar;C:\Users\GEZ4V7X\.m2\repository\com\github\docker-java\docker-java-transport\3.3.3\docker-java-transport-3.3.3.jar;C:\Users\GEZ4V7X\.m2\repository\net\java\dev\jna\jna\5.12.1\jna-5.12.1.jar;C:\Users\GEZ4V7X\.m2\repository\org\brotli\dec\0.1.2\dec-0.1.2.jar;C:\Users\GEZ4V7X\.m2\repository\org\apache\commons\commons-lang3\3.13.0\commons-lang3-3.13.0.jar;C:\Users\GEZ4V7X\.m2\repository\org\apache\httpcomponents\client5\httpclient5\5.2.1\httpclient5-5.2.1.jar;C:\Users\GEZ4V7X\.m2\repository\org\apache\httpcomponents\core5\httpcore5\5.2\httpcore5-5.2.jar;C:\Users\GEZ4V7X\.m2\repository\org\apache\httpcomponents\core5\httpcore5-h2\5.2\httpcore5-h2-5.2.jar;C:\Users\GEZ4V7X\.m2\repository\commons-io\commons-io\2.5\commons-io-2.5.jar;C:\Users\GEZ4V7X\.m2\repository\com\googlecode\json-simple\json-simple\1.1.1\json-simple-1.1.1.jar;C:\Users\GEZ4V7X\.m2\repository\com\aventstack\extentreports\3.1.5\extentreports-3.1.5.jar;C:\Users\GEZ4V7X\.m2\repository\org\freemarker\freemarker\2.3.23\freemarker-2.3.23.jar;C:\Users\GEZ4V7X\.m2\repository\org\mongodb\mongodb-driver\3.3.0\mongodb-driver-3.3.0.jar;C:\Users\GEZ4V7X\.m2\repository\org\mongodb\bson\3.3.0\bson-3.3.0.jar;C:\Users\GEZ4V7X\.m2\repository\org\mongodb\mongodb-driver-core\3.3.0\mongodb-driver-core-3.3.0.jar;C:\Users\GEZ4V7X\.m2\repository\org\apache\httpcomponents\httpclient\4.5.2\httpclient-4.5.2.jar;C:\Users\GEZ4V7X\.m2\repository\org\apache\httpcomponents\httpcore\4.4.4\httpcore-4.4.4.jar;C:\Users\GEZ4V7X\.m2\repository\commons-logging\commons-logging\1.2\commons-logging-1.2.jar;C:\Users\GEZ4V7X\.m2\repository\commons-codec\commons-codec\1.9\commons-codec-1.9.jar;C:\Users\GEZ4V7X\.m2\repository\org\apache\httpcomponents\httpmime\4.5.2\httpmime-4.5.2.jar;C:\Users\GEZ4V7X\.m2\repository\org\jsoup\jsoup\1.9.2\jsoup-1.9.2.jar;C:\Users\GEZ4V7X\.m2\repository\org\testng\testng\7.4.0\testng-7.4.0.jar;C:\Users\GEZ4V7X\.m2\repository\com\beust\jcommander\1.78\jcommander-1.78.jar;C:\Users\GEZ4V7X\.m2\repository\org\webjars\jquery\3.5.1\jquery-3.5.1.jar;C:\Users\GEZ4V7X\.m2\repository\junit\junit\4.13.2\junit-4.13.2.jar;C:\Users\GEZ4V7X\.m2\repository\org\hamcrest\hamcrest-core\1.3\hamcrest-core-1.3.jar;C:\Users\GEZ4V7X\.m2\repository\com\adobe\cq\aem-cloud-testing-clients\1.2.3\aem-cloud-testing-clients-1.2.3.jar;C:\Users\GEZ4V7X\.m2\repository\org\apache\sling\org.apache.sling.testing.rules\2.0.2\org.apache.sling.testing.rules-2.0.2.jar;C:\Users\GEZ4V7X\.m2\repository\org\apache\sling\org.apache.sling.testing.serversetup\1.0.1\org.apache.sling.testing.serversetup-1.0.1.jar;C:\Users\GEZ4V7X\.m2\repository\org\apache\sling\org.apache.sling.testing.clients\3.0.22\org.apache.sling.testing.clients-3.0.22.jar;C:\Users\GEZ4V7X\.m2\repository\org\osgi\org.osgi.framework\1.9.0\org.osgi.framework-1.9.0.jar;C:\Users\GEZ4V7X\.m2\repository\org\apache\sling\org.apache.sling.xss\2.4.0\org.apache.sling.xss-2.4.0.jar;C:\Users\GEZ4V7X\.m2\repository\org\ops4j\pax\tinybundles\tinybundles\3.0.0\tinybundles-3.0.0.jar;C:\Users\GEZ4V7X\.m2\repository\org\ops4j\base\ops4j-base-store\1.5.0\ops4j-base-store-1.5.0.jar;C:\Users\GEZ4V7X\.m2\repository\org\ops4j\base\ops4j-base-io\1.5.0\ops4j-base-io-1.5.0.jar;C:\Users\GEZ4V7X\.m2\repository\org\ops4j\base\ops4j-base-lang\1.5.0\ops4j-base-lang-1.5.0.jar;C:\Users\GEZ4V7X\.m2\repository\org\ops4j\base\ops4j-base-monitors\1.5.0\ops4j-base-monitors-1.5.0.jar;C:\Users\GEZ4V7X\.m2\repository\biz\aQute\bnd\biz.aQute.bndlib\3.5.0\biz.aQute.bndlib-3.5.0.jar;C:\Users\GEZ4V7X\.m2\repository\org\apache\sling\org.apache.sling.hapi.client\1.0.0\org.apache.sling.hapi.client-1.0.0.jar;C:\Users\GEZ4V7X\.m2\repository\joda-time\joda-time\2.12.6\joda-time-2.12.6.jar;C:\Users\GEZ4V7X\.m2\repository\org\apache\taglibs\taglibs-standard-impl\1.2.5\taglibs-standard-impl-1.2.5.jar;C:\Users\GEZ4V7X\.m2\repository\com\google\code\findbugs\jsr305\3.0.2\jsr305-3.0.2.jar;C:\Users\GEZ4V7X\.m2\repository\org\apache\sling\org.apache.sling.api\2.27.2\org.apache.sling.api-2.27.2.jar;C:\Users\GEZ4V7X\.m2\repository\org\jetbrains\annotations\23.0.0\annotations-23.0.0.jar;C:\Users\GEZ4V7X\.m2\repository\javax\servlet\javax.servlet-api\4.0.1\javax.servlet-api-4.0.1.jar;C:\Users\GEZ4V7X\.m2\repository\javax\jcr\jcr\2.0\jcr-2.0.jar;C:\Users\GEZ4V7X\.m2\repository\com\fasterxml\jackson\core\jackson-core\2.16.1\jackson-core-2.16.1.jar;C:\Users\GEZ4V7X\.m2\repository\com\fasterxml\jackson\core\jackson-databind\2.16.1\jackson-databind-2.16.1.jar;C:\Users\GEZ4V7X\.m2\repository\com\fasterxml\jackson\core\jackson-annotations\2.16.1\jackson-annotations-2.16.1.jar;C:\Users\GEZ4V7X\.m2\repository\org\osgi\org.osgi.compendium\5.0.0\org.osgi.compendium-5.0.0.jar;C:\Users\GEZ4V7X\.m2\repository\org\eclipse\jgit\org.eclipse.jgit\5.13.0.202109080827-r\org.eclipse.jgit-5.13.0.202109080827-r.jar;C:\Users\GEZ4V7X\.m2\repository\com\googlecode\javaewah\JavaEWAH\1.1.12\JavaEWAH-1.1.12.jar;"/>
    <property name="java.vm.vendor" value="Oracle Corporation"/>
    <property name="sun.arch.data.model" value="64"/>
    <property name="user.variant" value=""/>
    <property name="java.vendor.url" value="https://openjdk.java.net/"/>
    <property name="user.timezone" value="Asia/Calcutta"/>
    <property name="ACCESS_TOKEN" value=""/>
    <property name="os.name" value="Windows 10"/>
    <property name="java.vm.specification.version" value="11"/>
    <property name="sun.java.launcher" value="SUN_STANDARD"/>
    <property name="user.country" value="US"/>
    <property name="sun.boot.library.path" value="C:\Program Files\Java\jdk-11\bin"/>
    <property name="sun.java.command" value="C:\Users\GEZ4V7X\AppData\Local\Temp\surefire17715926570514905749\surefirebooter-20240628103437405_3.jar C:\Users\GEZ4V7X\AppData\Local\Temp\surefire17715926570514905749 2024-06-28T10-34-37_235-jvmRun1 surefire-20240628103437405_1tmp surefire_0-20240628103437405_2tmp"/>
    <property name="Editor_Username" value="oru-vw-eu-editor"/>
    <property name="jdk.debug" value="release"/>
    <property name="surefire.test.class.path" value="C:\Users\GEZ4V7X\Desktop\R4C\testing-r4c\ui.tests\test-module\target\classes;C:\Users\GEZ4V7X\Desktop\R4C\testing-r4c\ui.tests\test-module\target\test-module-1.0-SNAPSHOT.jar;C:\Users\GEZ4V7X\.m2\repository\org\seleniumhq\selenium\selenium-java\3.141.59\selenium-java-3.141.59.jar;C:\Users\GEZ4V7X\.m2\repository\org\seleniumhq\selenium\selenium-api\3.141.59\selenium-api-3.141.59.jar;C:\Users\GEZ4V7X\.m2\repository\org\seleniumhq\selenium\selenium-chrome-driver\3.141.59\selenium-chrome-driver-3.141.59.jar;C:\Users\GEZ4V7X\.m2\repository\org\seleniumhq\selenium\selenium-edge-driver\3.141.59\selenium-edge-driver-3.141.59.jar;C:\Users\GEZ4V7X\.m2\repository\org\seleniumhq\selenium\selenium-firefox-driver\3.141.59\selenium-firefox-driver-3.141.59.jar;C:\Users\GEZ4V7X\.m2\repository\org\seleniumhq\selenium\selenium-ie-driver\3.141.59\selenium-ie-driver-3.141.59.jar;C:\Users\GEZ4V7X\.m2\repository\org\seleniumhq\selenium\selenium-opera-driver\3.141.59\selenium-opera-driver-3.141.59.jar;C:\Users\GEZ4V7X\.m2\repository\org\seleniumhq\selenium\selenium-remote-driver\3.141.59\selenium-remote-driver-3.141.59.jar;C:\Users\GEZ4V7X\.m2\repository\org\seleniumhq\selenium\selenium-safari-driver\3.141.59\selenium-safari-driver-3.141.59.jar;C:\Users\GEZ4V7X\.m2\repository\org\seleniumhq\selenium\selenium-support\3.141.59\selenium-support-3.141.59.jar;C:\Users\GEZ4V7X\.m2\repository\net\bytebuddy\byte-buddy\1.8.15\byte-buddy-1.8.15.jar;C:\Users\GEZ4V7X\.m2\repository\org\apache\commons\commons-exec\1.3\commons-exec-1.3.jar;C:\Users\GEZ4V7X\.m2\repository\com\google\guava\guava\25.0-jre\guava-25.0-jre.jar;C:\Users\GEZ4V7X\.m2\repository\org\checkerframework\checker-compat-qual\2.0.0\checker-compat-qual-2.0.0.jar;C:\Users\GEZ4V7X\.m2\repository\com\google\errorprone\error_prone_annotations\2.1.3\error_prone_annotations-2.1.3.jar;C:\Users\GEZ4V7X\.m2\repository\com\google\j2objc\j2objc-annotations\1.1\j2objc-annotations-1.1.jar;C:\Users\GEZ4V7X\.m2\repository\org\codehaus\mojo\animal-sniffer-annotations\1.14\animal-sniffer-annotations-1.14.jar;C:\Users\GEZ4V7X\.m2\repository\com\squareup\okhttp3\okhttp\3.11.0\okhttp-3.11.0.jar;C:\Users\GEZ4V7X\.m2\repository\com\squareup\okio\okio\1.14.0\okio-1.14.0.jar;C:\Users\GEZ4V7X\.m2\repository\io\github\bonigarcia\webdrivermanager\5.5.3\webdrivermanager-5.5.3.jar;C:\Users\GEZ4V7X\.m2\repository\org\slf4j\slf4j-api\2.0.7\slf4j-api-2.0.7.jar;C:\Users\GEZ4V7X\.m2\repository\com\google\code\gson\gson\2.10.1\gson-2.10.1.jar;C:\Users\GEZ4V7X\.m2\repository\com\github\docker-java\docker-java\3.3.3\docker-java-3.3.3.jar;C:\Users\GEZ4V7X\.m2\repository\com\github\docker-java\docker-java-core\3.3.3\docker-java-core-3.3.3.jar;C:\Users\GEZ4V7X\.m2\repository\com\github\docker-java\docker-java-api\3.3.3\docker-java-api-3.3.3.jar;C:\Users\GEZ4V7X\.m2\repository\org\apache\commons\commons-compress\1.21\commons-compress-1.21.jar;C:\Users\GEZ4V7X\.m2\repository\org\bouncycastle\bcpkix-jdk18on\1.75\bcpkix-jdk18on-1.75.jar;C:\Users\GEZ4V7X\.m2\repository\org\bouncycastle\bcprov-jdk18on\1.75\bcprov-jdk18on-1.75.jar;C:\Users\GEZ4V7X\.m2\repository\org\bouncycastle\bcutil-jdk18on\1.75\bcutil-jdk18on-1.75.jar;C:\Users\GEZ4V7X\.m2\repository\org\slf4j\jcl-over-slf4j\1.7.30\jcl-over-slf4j-1.7.30.jar;C:\Users\GEZ4V7X\.m2\repository\com\github\docker-java\docker-java-transport-httpclient5\3.3.3\docker-java-transport-httpclient5-3.3.3.jar;C:\Users\GEZ4V7X\.m2\repository\com\github\docker-java\docker-java-transport\3.3.3\docker-java-transport-3.3.3.jar;C:\Users\GEZ4V7X\.m2\repository\net\java\dev\jna\jna\5.12.1\jna-5.12.1.jar;C:\Users\GEZ4V7X\.m2\repository\org\brotli\dec\0.1.2\dec-0.1.2.jar;C:\Users\GEZ4V7X\.m2\repository\org\apache\commons\commons-lang3\3.13.0\commons-lang3-3.13.0.jar;C:\Users\GEZ4V7X\.m2\repository\org\apache\httpcomponents\client5\httpclient5\5.2.1\httpclient5-5.2.1.jar;C:\Users\GEZ4V7X\.m2\repository\org\apache\httpcomponents\core5\httpcore5\5.2\httpcore5-5.2.jar;C:\Users\GEZ4V7X\.m2\repository\org\apache\httpcomponents\core5\httpcore5-h2\5.2\httpcore5-h2-5.2.jar;C:\Users\GEZ4V7X\.m2\repository\commons-io\commons-io\2.5\commons-io-2.5.jar;C:\Users\GEZ4V7X\.m2\repository\com\googlecode\json-simple\json-simple\1.1.1\json-simple-1.1.1.jar;C:\Users\GEZ4V7X\.m2\repository\com\aventstack\extentreports\3.1.5\extentreports-3.1.5.jar;C:\Users\GEZ4V7X\.m2\repository\org\freemarker\freemarker\2.3.23\freemarker-2.3.23.jar;C:\Users\GEZ4V7X\.m2\repository\org\mongodb\mongodb-driver\3.3.0\mongodb-driver-3.3.0.jar;C:\Users\GEZ4V7X\.m2\repository\org\mongodb\bson\3.3.0\bson-3.3.0.jar;C:\Users\GEZ4V7X\.m2\repository\org\mongodb\mongodb-driver-core\3.3.0\mongodb-driver-core-3.3.0.jar;C:\Users\GEZ4V7X\.m2\repository\org\apache\httpcomponents\httpclient\4.5.2\httpclient-4.5.2.jar;C:\Users\GEZ4V7X\.m2\repository\org\apache\httpcomponents\httpcore\4.4.4\httpcore-4.4.4.jar;C:\Users\GEZ4V7X\.m2\repository\commons-logging\commons-logging\1.2\commons-logging-1.2.jar;C:\Users\GEZ4V7X\.m2\repository\commons-codec\commons-codec\1.9\commons-codec-1.9.jar;C:\Users\GEZ4V7X\.m2\repository\org\apache\httpcomponents\httpmime\4.5.2\httpmime-4.5.2.jar;C:\Users\GEZ4V7X\.m2\repository\org\jsoup\jsoup\1.9.2\jsoup-1.9.2.jar;C:\Users\GEZ4V7X\.m2\repository\org\testng\testng\7.4.0\testng-7.4.0.jar;C:\Users\GEZ4V7X\.m2\repository\com\beust\jcommander\1.78\jcommander-1.78.jar;C:\Users\GEZ4V7X\.m2\repository\org\webjars\jquery\3.5.1\jquery-3.5.1.jar;C:\Users\GEZ4V7X\.m2\repository\junit\junit\4.13.2\junit-4.13.2.jar;C:\Users\GEZ4V7X\.m2\repository\org\hamcrest\hamcrest-core\1.3\hamcrest-core-1.3.jar;C:\Users\GEZ4V7X\.m2\repository\com\adobe\cq\aem-cloud-testing-clients\1.2.3\aem-cloud-testing-clients-1.2.3.jar;C:\Users\GEZ4V7X\.m2\repository\org\apache\sling\org.apache.sling.testing.rules\2.0.2\org.apache.sling.testing.rules-2.0.2.jar;C:\Users\GEZ4V7X\.m2\repository\org\apache\sling\org.apache.sling.testing.serversetup\1.0.1\org.apache.sling.testing.serversetup-1.0.1.jar;C:\Users\GEZ4V7X\.m2\repository\org\apache\sling\org.apache.sling.testing.clients\3.0.22\org.apache.sling.testing.clients-3.0.22.jar;C:\Users\GEZ4V7X\.m2\repository\org\osgi\org.osgi.framework\1.9.0\org.osgi.framework-1.9.0.jar;C:\Users\GEZ4V7X\.m2\repository\org\apache\sling\org.apache.sling.xss\2.4.0\org.apache.sling.xss-2.4.0.jar;C:\Users\GEZ4V7X\.m2\repository\org\ops4j\pax\tinybundles\tinybundles\3.0.0\tinybundles-3.0.0.jar;C:\Users\GEZ4V7X\.m2\repository\org\ops4j\base\ops4j-base-store\1.5.0\ops4j-base-store-1.5.0.jar;C:\Users\GEZ4V7X\.m2\repository\org\ops4j\base\ops4j-base-io\1.5.0\ops4j-base-io-1.5.0.jar;C:\Users\GEZ4V7X\.m2\repository\org\ops4j\base\ops4j-base-lang\1.5.0\ops4j-base-lang-1.5.0.jar;C:\Users\GEZ4V7X\.m2\repository\org\ops4j\base\ops4j-base-monitors\1.5.0\ops4j-base-monitors-1.5.0.jar;C:\Users\GEZ4V7X\.m2\repository\biz\aQute\bnd\biz.aQute.bndlib\3.5.0\biz.aQute.bndlib-3.5.0.jar;C:\Users\GEZ4V7X\.m2\repository\org\apache\sling\org.apache.sling.hapi.client\1.0.0\org.apache.sling.hapi.client-1.0.0.jar;C:\Users\GEZ4V7X\.m2\repository\joda-time\joda-time\2.12.6\joda-time-2.12.6.jar;C:\Users\GEZ4V7X\.m2\repository\org\apache\taglibs\taglibs-standard-impl\1.2.5\taglibs-standard-impl-1.2.5.jar;C:\Users\GEZ4V7X\.m2\repository\com\google\code\findbugs\jsr305\3.0.2\jsr305-3.0.2.jar;C:\Users\GEZ4V7X\.m2\repository\org\apache\sling\org.apache.sling.api\2.27.2\org.apache.sling.api-2.27.2.jar;C:\Users\GEZ4V7X\.m2\repository\org\jetbrains\annotations\23.0.0\annotations-23.0.0.jar;C:\Users\GEZ4V7X\.m2\repository\javax\servlet\javax.servlet-api\4.0.1\javax.servlet-api-4.0.1.jar;C:\Users\GEZ4V7X\.m2\repository\javax\jcr\jcr\2.0\jcr-2.0.jar;C:\Users\GEZ4V7X\.m2\repository\com\fasterxml\jackson\core\jackson-core\2.16.1\jackson-core-2.16.1.jar;C:\Users\GEZ4V7X\.m2\repository\com\fasterxml\jackson\core\jackson-databind\2.16.1\jackson-databind-2.16.1.jar;C:\Users\GEZ4V7X\.m2\repository\com\fasterxml\jackson\core\jackson-annotations\2.16.1\jackson-annotations-2.16.1.jar;C:\Users\GEZ4V7X\.m2\repository\org\osgi\org.osgi.compendium\5.0.0\org.osgi.compendium-5.0.0.jar;C:\Users\GEZ4V7X\.m2\repository\org\eclipse\jgit\org.eclipse.jgit\5.13.0.202109080827-r\org.eclipse.jgit-5.13.0.202109080827-r.jar;C:\Users\GEZ4V7X\.m2\repository\com\googlecode\javaewah\JavaEWAH\1.1.12\JavaEWAH-1.1.12.jar;"/>
    <property name="sun.cpu.endian" value="little"/>
    <property name="user.home" value="C:\Users\GEZ4V7X"/>
    <property name="user.language" value="en"/>
    <property name="java.specification.vendor" value="Oracle Corporation"/>
    <property name="java.version.date" value="2023-07-18"/>
    <property name="BWX_UserName" value="kiran.kamble@volkswagen.co.in"/>
    <property name="java.home" value="C:\Program Files\Java\jdk-11"/>
    <property name="file.separator" value="\"/>
    <property name="basedir" value="C:\Users\GEZ4V7X\Desktop\R4C\testing-r4c\ui.tests\test-module"/>
    <property name="java.vm.compressedOopsMode" value="Zero based"/>
    <property name="line.separator" value="&#10;"/>
    <property name="java.specification.name" value="Java Platform API Specification"/>
    <property name="java.vm.specification.vendor" value="Oracle Corporation"/>
    <property name="java.awt.graphicsenv" value="sun.awt.Win32GraphicsEnvironment"/>
    <property name="surefire.real.class.path" value="C:\Users\GEZ4V7X\AppData\Local\Temp\surefire17715926570514905749\surefirebooter-20240628103437405_3.jar"/>
    <property name="Informee_Username" value="oru-vw-eu-informee"/>
    <property name="user.script" value=""/>
    <property name="sun.management.compiler" value="HotSpot 64-Bit Tiered Compilers"/>
    <property name="java.runtime.version" value="11.0.20+9-LTS-256"/>
    <property name="webdriver.edge.driver" value="C:\Users\GEZ4V7X\.cache\selenium\msedgedriver\win64\126.0.2592.68\msedgedriver.exe"/>
    <property name="user.name" value="GEZ4V7X"/>
    <property name="path.separator" value=";"/>
    <property name="os.version" value="10.0"/>
    <property name="java.runtime.name" value="Java(TM) SE Runtime Environment"/>
    <property name="file.encoding" value="Cp1252"/>
    <property name="REMOTE_URL" value="https://github.com/GEZ4V7X/R4C_DemoReports.git"/>
    <property name="java.vm.name" value="Java HotSpot(TM) 64-Bit Server VM"/>
    <property name="BWX_Password" value="Kdk@mble_0603"/>
    <property name="java.vendor.version" value="18.9"/>
    <property name="Legal2_Username" value="oru-vw-eu-legal2"/>
    <property name="Password" value="NneC_9{R6F&amp;d6R8"/>
    <property name="localRepository" value="C:\Users\GEZ4V7X\.m2\repository"/>
    <property name="java.vendor.url.bug" value="https://bugreport.java.com/bugreport/"/>
    <property name="java.io.tmpdir" value="C:\Users\GEZ4V7X\AppData\Local\Temp\"/>
    <property name="java.version" value="11.0.20"/>
    <property name="user.dir" value="C:\Users\GEZ4V7X\Desktop\R4C\testing-r4c\ui.tests\test-module"/>
    <property name="os.arch" value="amd64"/>
    <property name="SELENIUM_BROWSER" value="chrome"/>
    <property name="Ota_Username" value="oru-vw-eu-ota"/>
    <property name="java.vm.specification.name" value="Java Virtual Machine Specification"/>
    <property name="java.awt.printerjob" value="sun.awt.windows.WPrinterJob"/>
    <property name="sun.os.patch.level" value=""/>
    <property name="java.library.path" value="C:\Program Files\Java\jdk-11\bin;C:\WINDOWS\Sun\Java\bin;C:\WINDOWS\system32;C:\WINDOWS;C:\Program Files\Common Files\Oracle\Java\javapath;C:\Program Files (x86)\Common Files\Oracle\Java\java8path;C:\Program Files (x86)\Common Files\Oracle\Java\javapath;C:\WINDOWS\system32;C:\WINDOWS;C:\WINDOWS\System32\Wbem;C:\WINDOWS\System32\WindowsPowerShell\v1.0\;C:\WINDOWS\System32\OpenSSH\;C:\Program Files\dotnet\;C:\Program Files\apache-maven-3.9.5\bin;C:\Program Files\Java\jdk-11\bin;C:\Program Files\nodejs\;C:\Program Files\MongoDB\Server\7.0\bin;;C:\Program Files\Docker\Docker\resources\bin;C:\Users\GEZ4V7X\AppData\Local\Microsoft\WindowsApps;C:\Users\GEZ4V7X\AppData\Local\Programs\Microsoft VS Code\bin;C:\Users\GEZ4V7X\AppData\Roaming\npm;C:\Users\GEZ4V7X\AppData\Local\Programs\Git\cmd;C:\Users\GEZ4V7X\AppData\Local\GitHubDesktop\bin;."/>
    <property name="java.vendor" value="Oracle Corporation"/>
    <property name="java.vm.info" value="mixed mode"/>
    <property name="java.vm.version" value="11.0.20+9-LTS-256"/>
    <property name="java.specification.maintenance.version" value="2"/>
    <property name="sun.io.unicode.encoding" value="UnicodeLittle"/>
    <property name="java.class.version" value="55.0"/>
  </properties>
  <testcase name="openAEMApplication" classname="test.RegressionTest_HTML" time="3.849">
    <system-err><![CDATA[SLF4J: No SLF4J providers were found.
SLF4J: Defaulting to no-operation (NOP) logger implementation
SLF4J: See https://www.slf4j.org/codes.html#noProviders for further details.
Starting Microsoft Edge WebDriver 126.0.2592.68 (30e1b6cc72a8cf6df643b6a0f69884a4936488ba) on port 45676
To submit feedback, report a bug, or suggest new features, please visit https://github.com/MicrosoftEdge/EdgeWebDriver

Only local connections are allowed.
Please see https://aka.ms/WebDriverSecurity for suggestions on keeping Microsoft Edge WebDriver safe.

Microsoft Edge WebDriver was started successfully.
Jun 28, 2024 10:34:41 AM org.openqa.selenium.remote.ProtocolHandshake createSession
INFO: Detected dialect: W3C
]]></system-err>
  </testcase>
  <testcase name="loginAEMApplication" classname="test.RegressionTest_HTML" time="4.798"/>
  <testcase name="VerifyServiceDeskButton" classname="test.RegressionTest_HTML" time="0.339"/>
</testsuite>