<?xml version="1.0" encoding="UTF-8"?>
<!-- Generated by org.testng.reporters.JUnitReportReporter -->
<testsuite hostname="VWVITHLPUB5265" failures="0" tests="16" name="test.RegressionTest_HTML" time="10.365" errors="0" timestamp="2024-06-28T10:09:52 IST" skipped="13">
  <testcase classname="test.RegressionTest_HTML" name="openAEMApplication" time="5.062"/>
  <system-out/>
  <testcase classname="test.RegressionTest_HTML" name="loginAEMApplication" time="5.095"/>
  <system-out/>
  <testcase classname="test.RegressionTest_HTML" name="VerifyServiceDeskButton" time="0.208"/>
  <system-out/>
  <testcase classname="test.RegressionTest_HTML" name="completeWorkflowFromTaskDetails">
    <skipped/>
  </testcase> <!-- completeWorkflowFromTaskDetails -->
  <system-out/>
  <testcase classname="test.RegressionTest_HTML" name="startInitializingWorkflow">
    <skipped/>
  </testcase> <!-- startInitializingWorkflow -->
  <system-out/>
  <testcase classname="test.RegressionTest_HTML" name="translationAcceptTask">
    <skipped/>
  </testcase> <!-- translationAcceptTask -->
  <system-out/>
  <testcase classname="test.RegressionTest_HTML" name="createReleaseNote">
    <skipped/>
  </testcase> <!-- createReleaseNote -->
  <system-out/>
  <testcase classname="test.RegressionTest_HTML" name="loginAsEditor">
    <skipped/>
  </testcase> <!-- loginAsEditor -->
  <system-out/>
  <testcase classname="test.RegressionTest_HTML" name="loginBwxApplication">
    <skipped/>
  </testcase> <!-- loginBwxApplication -->
  <system-out/>
  <testcase classname="test.RegressionTest_HTML" name="verifyAvailableWorkflow">
    <skipped/>
  </testcase> <!-- verifyAvailableWorkflow -->
  <system-out/>
  <testcase classname="test.RegressionTest_HTML" name="openProjectFromTaskDetails">
    <skipped/>
  </testcase> <!-- openProjectFromTaskDetails -->
  <system-out/>
  <testcase classname="test.RegressionTest_HTML" name="verifyLandingPageAfterClosingMode">
    <skipped/>
  </testcase> <!-- verifyLandingPageAfterClosingMode -->
  <system-out/>
  <testcase classname="test.RegressionTest_HTML" name="usersRightsForWorkflowTask">
    <skipped/>
  </testcase> <!-- usersRightsForWorkflowTask -->
  <system-out/>
  <testcase classname="test.RegressionTest_HTML" name="verifyAllElementsInReleaseNote">
    <skipped/>
  </testcase> <!-- verifyAllElementsInReleaseNote -->
  <system-out/>
  <testcase classname="test.RegressionTest_HTML" name="navigateToProject">
    <skipped/>
  </testcase> <!-- navigateToProject -->
  <system-out/>
  <testcase classname="test.RegressionTest_HTML" name="verifyEnableImageCaption">
    <skipped/>
  </testcase> <!-- verifyEnableImageCaption -->
  <system-out/>
</testsuite> <!-- test.RegressionTest_HTML -->
